<?xml version="1.0" encoding="UTF-8"?>
<testsuite name="BaseTest" tests="2" skipped="0" failures="0" errors="0" timestamp="2023-09-01T18:39:30" hostname="FENIKS0143" time="0.815">
  <properties/>
  <testcase name="shouldReturnAboveZero()" classname="BaseTest" time="0.796"/>
  <testcase name="shouldReturnBelowZero()" classname="BaseTest" time="0.014"/>
  <system-out><![CDATA[]]></system-out>
  <system-err><![CDATA[]]></system-err>
</testsuite>
